[    1265ms] [WARNING] Multiple GoTrueClient instances detected in the same browser context. It is not an error, but this should be avoided as it may produce undefined behavior when used concurrently under the same storage key. @ https://21st.dev/_next/static/chunks/39645-c444f5370daa6b28.js:5
[    1916ms] [WARNING] [PostHog.js] You have already initialized PostHog! Re-initializing is a no-op @ https://21st.dev/_next/static/chunks/2d2d3c67-4d6f2c780fa8c97c.js:0
[    2007ms] [ERROR] %c << query #2 %cusers.isCurrentUserAdmin%c %O 
    background-color: #3fb0d8;
    color: white;
    padding: 2px;
   
    background-color: #3fb0d8;
    color: white;
    padding: 2px;
  ; font-weight: bold; 
    background-color: #3fb0d8;
    color: white;
    padding: 2px;
  ; font-weight: normal; {input: undefined, result: TRPCClientError: User must be authenticated
    at a.from (https://21st.dev/_next/static/chunks/621…, elapsedMs: 313, context: Object} @ https://21st.dev/_next/static/chunks/62146-272dcd108e05cda7.js:4
[    2861ms] [WARNING] An iframe which has both allow-scripts and allow-same-origin for its sandbox attribute can escape its sandboxing. @ https://do.featurebase.app/js/sdk.js:234
[    3407ms] [ERROR] %c << query #4 %cusers.isCurrentUserAdmin%c %O 
    background-color: #3fb0d8;
    color: white;
    padding: 2px;
   
    background-color: #3fb0d8;
    color: white;
    padding: 2px;
  ; font-weight: bold; 
    background-color: #3fb0d8;
    color: white;
    padding: 2px;
  ; font-weight: normal; {input: undefined, result: TRPCClientError: User must be authenticated
    at a.from (https://21st.dev/_next/static/chunks/621…, elapsedMs: 398, context: Object} @ https://21st.dev/_next/static/chunks/62146-272dcd108e05cda7.js:4
[    5706ms] [ERROR] %c << query #5 %cusers.isCurrentUserAdmin%c %O 
    background-color: #3fb0d8;
    color: white;
    padding: 2px;
   
    background-color: #3fb0d8;
    color: white;
    padding: 2px;
  ; font-weight: bold; 
    background-color: #3fb0d8;
    color: white;
    padding: 2px;
  ; font-weight: normal; {input: undefined, result: TRPCClientError: User must be authenticated
    at a.from (https://21st.dev/_next/static/chunks/621…, elapsedMs: 297, context: Object} @ https://21st.dev/_next/static/chunks/62146-272dcd108e05cda7.js:4
[   10064ms] [ERROR] %c << query #6 %cusers.isCurrentUserAdmin%c %O 
    background-color: #3fb0d8;
    color: white;
    padding: 2px;
   
    background-color: #3fb0d8;
    color: white;
    padding: 2px;
  ; font-weight: bold; 
    background-color: #3fb0d8;
    color: white;
    padding: 2px;
  ; font-weight: normal; {input: undefined, result: TRPCClientError: User must be authenticated
    at a.from (https://21st.dev/_next/static/chunks/621…, elapsedMs: 357, context: Object} @ https://21st.dev/_next/static/chunks/62146-272dcd108e05cda7.js:4
[   19036ms] [WARNING] Clerk: The prop "afterSignInUrl" is deprecated and should be replaced with the new "fallbackRedirectUrl" or "forceRedirectUrl" props instead. Learn more: https://clerk.com/docs/guides/custom-redirects#redirect-url-props @ https://clerk.21st.dev/npm/@clerk/clerk-js@5/dist/clerk.browser.js:18
[   19263ms] [ERROR] %c << query #9 %cusers.isCurrentUserAdmin%c %O 
    background-color: #3fb0d8;
    color: white;
    padding: 2px;
   
    background-color: #3fb0d8;
    color: white;
    padding: 2px;
  ; font-weight: bold; 
    background-color: #3fb0d8;
    color: white;
    padding: 2px;
  ; font-weight: normal; {input: undefined, result: TRPCClientError: User must be authenticated
    at a.from (https://21st.dev/_next/static/chunks/621…, elapsedMs: 323, context: Object} @ https://21st.dev/_next/static/chunks/62146-272dcd108e05cda7.js:4
[   20574ms] [ERROR] %c << query #11 %cusers.isCurrentUserAdmin%c %O 
    background-color: #3fb0d8;
    color: white;
    padding: 2px;
   
    background-color: #3fb0d8;
    color: white;
    padding: 2px;
  ; font-weight: bold; 
    background-color: #3fb0d8;
    color: white;
    padding: 2px;
  ; font-weight: normal; {input: undefined, result: TRPCClientError: User must be authenticated
    at a.from (https://21st.dev/_next/static/chunks/621…, elapsedMs: 310, context: Object} @ https://21st.dev/_next/static/chunks/62146-272dcd108e05cda7.js:4
[   22875ms] [ERROR] %c << query #12 %cusers.isCurrentUserAdmin%c %O 
    background-color: #3fb0d8;
    color: white;
    padding: 2px;
   
    background-color: #3fb0d8;
    color: white;
    padding: 2px;
  ; font-weight: bold; 
    background-color: #3fb0d8;
    color: white;
    padding: 2px;
  ; font-weight: normal; {input: undefined, result: TRPCClientError: User must be authenticated
    at a.from (https://21st.dev/_next/static/chunks/621…, elapsedMs: 300, context: Object} @ https://21st.dev/_next/static/chunks/62146-272dcd108e05cda7.js:4
[   27185ms] [ERROR] %c << query #16 %cusers.isCurrentUserAdmin%c %O 
    background-color: #3fb0d8;
    color: white;
    padding: 2px;
   
    background-color: #3fb0d8;
    color: white;
    padding: 2px;
  ; font-weight: bold; 
    background-color: #3fb0d8;
    color: white;
    padding: 2px;
  ; font-weight: normal; {input: undefined, result: TRPCClientError: User must be authenticated
    at a.from (https://21st.dev/_next/static/chunks/621…, elapsedMs: 308, context: Object} @ https://21st.dev/_next/static/chunks/62146-272dcd108e05cda7.js:4
